[debug] [2020-09-22T06:29:18.766Z] ----------------------------------------------------------------------
[debug] [2020-09-22T06:29:18.768Z] Command:       C:\Program Files\nodejs\node.exe C:\Users\Ragz\AppData\Roaming\npm\node_modules\firebase-tools\lib\bin\firebase.js deploy
[debug] [2020-09-22T06:29:18.769Z] CLI Version:   8.10.0
[debug] [2020-09-22T06:29:18.769Z] Platform:      win32
[debug] [2020-09-22T06:29:18.769Z] Node Version:  v12.16.1
[debug] [2020-09-22T06:29:18.770Z] Time:          Tue Sep 22 2020 12:29:18 GMT+0600 (Bangladesh Standard Time)
[debug] [2020-09-22T06:29:18.770Z] ----------------------------------------------------------------------
[debug] [2020-09-22T06:29:18.770Z] 
[debug] [2020-09-22T06:29:18.778Z] > command requires scopes: ["email","openid","https://www.googleapis.com/auth/cloudplatformprojects.readonly","https://www.googleapis.com/auth/firebase","https://www.googleapis.com/auth/cloud-platform"]
[debug] [2020-09-22T06:29:18.779Z] > authorizing via signed-in user
[debug] [2020-09-22T06:29:18.779Z] [iam] checking project travel-guru-1 for permissions ["firebase.projects.get","firebasehosting.sites.update"]
[debug] [2020-09-22T06:29:18.783Z] >>> HTTP REQUEST POST https://cloudresourcemanager.googleapis.com/v1/projects/travel-guru-1:testIamPermissions  
 {"permissions":["firebase.projects.get","firebasehosting.sites.update"]}
[debug] [2020-09-22T06:29:28.815Z] [iam] error while checking permissions, command may fail: FirebaseError: Server Error. getaddrinfo EAI_AGAIN cloudresourcemanager.googleapis.com
[debug] [2020-09-22T06:29:28.816Z] >>> HTTP REQUEST GET https://firebase.googleapis.com/v1beta1/projects/travel-guru-1  
 
[debug] [2020-09-22T06:29:38.834Z] Server Error. getaddrinfo EAI_AGAIN firebase.googleapis.com
[debug] [2020-09-22T06:29:39.059Z] FirebaseError: Server Error. getaddrinfo EAI_AGAIN firebase.googleapis.com
    at Request._callback (C:\Users\Ragz\AppData\Roaming\npm\node_modules\firebase-tools\lib\api.js:32:31)
    at self.callback (C:\Users\Ragz\AppData\Roaming\npm\node_modules\firebase-tools\node_modules\request\request.js:185:22)
    at Request.emit (events.js:311:20)
    at Request.EventEmitter.emit (domain.js:482:12)
    at Request.onRequestError (C:\Users\Ragz\AppData\Roaming\npm\node_modules\firebase-tools\node_modules\request\request.js:877:8)
    at ClientRequest.emit (events.js:323:22)
    at ClientRequest.EventEmitter.emit (domain.js:482:12)
    at TLSSocket.socketErrorListener (_http_client.js:426:9)
    at TLSSocket.emit (events.js:311:20)
    at TLSSocket.EventEmitter.emit (domain.js:482:12)
    at emitErrorNT (internal/streams/destroy.js:92:8)
    at emitErrorAndCloseNT (internal/streams/destroy.js:60:3)
    at processTicksAndRejections (internal/process/task_queues.js:84:21)
[error] 
[error] Error: Failed to get Firebase project travel-guru-1. Please make sure the project exists and your account has permission to access it.
[debug] [2020-09-22T06:30:36.429Z] ----------------------------------------------------------------------
[debug] [2020-09-22T06:30:36.431Z] Command:       C:\Program Files\nodejs\node.exe C:\Users\Ragz\AppData\Roaming\npm\node_modules\firebase-tools\lib\bin\firebase.js deploy
[debug] [2020-09-22T06:30:36.431Z] CLI Version:   8.10.0
[debug] [2020-09-22T06:30:36.432Z] Platform:      win32
[debug] [2020-09-22T06:30:36.432Z] Node Version:  v12.16.1
[debug] [2020-09-22T06:30:36.433Z] Time:          Tue Sep 22 2020 12:30:36 GMT+0600 (Bangladesh Standard Time)
[debug] [2020-09-22T06:30:36.433Z] ----------------------------------------------------------------------
[debug] [2020-09-22T06:30:36.434Z] 
[debug] [2020-09-22T06:30:36.441Z] > command requires scopes: ["email","openid","https://www.googleapis.com/auth/cloudplatformprojects.readonly","https://www.googleapis.com/auth/firebase","https://www.googleapis.com/auth/cloud-platform"]
[debug] [2020-09-22T06:30:36.442Z] > authorizing via signed-in user
[debug] [2020-09-22T06:30:36.442Z] [iam] checking project travel-guru-1 for permissions ["firebase.projects.get","firebasehosting.sites.update"]
[debug] [2020-09-22T06:30:36.446Z] >>> HTTP REQUEST POST https://cloudresourcemanager.googleapis.com/v1/projects/travel-guru-1:testIamPermissions  
 {"permissions":["firebase.projects.get","firebasehosting.sites.update"]}
[debug] [2020-09-22T06:30:46.475Z] [iam] error while checking permissions, command may fail: FirebaseError: Server Error. getaddrinfo EAI_AGAIN cloudresourcemanager.googleapis.com
[debug] [2020-09-22T06:30:46.478Z] >>> HTTP REQUEST GET https://firebase.googleapis.com/v1beta1/projects/travel-guru-1  
 
[debug] [2020-09-22T06:30:56.502Z] Server Error. getaddrinfo EAI_AGAIN firebase.googleapis.com
[debug] [2020-09-22T06:31:07.540Z] FirebaseError: Server Error. getaddrinfo EAI_AGAIN firebase.googleapis.com
    at Request._callback (C:\Users\Ragz\AppData\Roaming\npm\node_modules\firebase-tools\lib\api.js:32:31)
    at self.callback (C:\Users\Ragz\AppData\Roaming\npm\node_modules\firebase-tools\node_modules\request\request.js:185:22)
    at Request.emit (events.js:311:20)
    at Request.EventEmitter.emit (domain.js:482:12)
    at Request.onRequestError (C:\Users\Ragz\AppData\Roaming\npm\node_modules\firebase-tools\node_modules\request\request.js:877:8)
    at ClientRequest.emit (events.js:323:22)
    at ClientRequest.EventEmitter.emit (domain.js:482:12)
    at TLSSocket.socketErrorListener (_http_client.js:426:9)
    at TLSSocket.emit (events.js:311:20)
    at TLSSocket.EventEmitter.emit (domain.js:482:12)
    at emitErrorNT (internal/streams/destroy.js:92:8)
    at emitErrorAndCloseNT (internal/streams/destroy.js:60:3)
    at processTicksAndRejections (internal/process/task_queues.js:84:21)
[error] 
[error] Error: Failed to get Firebase project travel-guru-1. Please make sure the project exists and your account has permission to access it.
